<?xml version="1.0" encoding="UTF-8"?>
<!-- Generated by org.testng.reporters.JUnitReportReporter -->
<testsuite hostname="DEL-5S3MQ93" failures="0" tests="1" name="avinashtiwari.ExtentReport.ExtentReportsDemo" time="5.849" errors="0" timestamp="2024-06-17T15:34:34 IST" skipped="0">
  <testcase classname="avinashtiwari.ExtentReport.ExtentReportsDemo" name="initialDemo" time="5.849"/>
</testsuite> <!-- avinashtiwari.ExtentReport.ExtentReportsDemo -->
